Arguments: 
  C:\Program Files\nodejs\node.exe C:\Users\lizdi\AppData\Roaming\npm\node_modules\@sanity\cli\vendor\yarn install --json --non-interactive --ignore-engines --network-timeout 60000 --registry https://registry.npmjs.org

PATH: 
  C:\Users\lizdi\AppData\Roaming\npm\node_modules\vendor;C:\Program Files\Common Files\Siemens\Automation\Simatic OAM\bin;C:\Program Files (x86)\Common Files\Siemens\Bin;C:\Program Files (x86)\Common Files\Siemens\CommonArchiving;C:\Program Files (x86)\Common Files\Siemens\ACE\Bin;C:\Python310\Scripts\;C:\Python310\;C:\Program Files\Common Files\Oracle\Java\javapath;C:\Python38\Scripts\;C:\Python38\;C:\WINDOWS\system32;C:\WINDOWS;C:\WINDOWS\System32\Wbem;C:\WINDOWS\System32\WindowsPowerShell\v1.0\;C:\WINDOWS\System32\OpenSSH\;C:\ProgramData\chocolatey\bin;E:\Universidad\Matlab\runtime\win64;E:\Universidad\Matlab\bin;E:\Universidad\Matlab\polyspace\bin;E:\Universidad\Matlab-2017\Matlab\bin;C:\Program Files\Git\cmd;C:\Program Files\nodejs\;C:\xampp\php;C:\composer;C:\Program Files\Microchip\xc8\v2.36\bin;C:\Program Files\Microsoft SQL Server\Client SDK\ODBC\130\Tools\Binn\;C:\Program Files (x86)\Microsoft SQL Server\140\Tools\Binn\;C:\Program Files\Microsoft SQL Server\140\Tools\Binn\;C:\Program Files\Microsoft SQL Server\140\DTS\Binn\;C:\Users\lizdi\AppData\Local\Programs\Python\Python38-32\Scripts\;C:\Users\lizdi\AppData\Local\Programs\Python\Python38-32\;C:\Users\lizdi\AppData\Local\Microsoft\WindowsApps;"C:\Python37\;C:\Python37\Scripts;";C:\Users\lizdi\AppData\Local\GitHubDesktop\bin;C:\Users\lizdi\AppData\Local\hyper\app-3.0.2\resources\bin;C:\Users\lizdi\AppData\Local\Programs\Microsoft VS Code\bin;C:\Program Files (x86)\GitHub CLI\;C:\Users\lizdi\AppData\Local\Microsoft\WindowsApps;C:\Program Files\heroku\bin;C:\Users\lizdi\AppData\Roaming\npm;C:\Users\lizdi\AppData\Roaming\Composer\vendor\bin

Yarn version: 
  1.22.17

Node version: 
  16.13.0

Platform: 
  win32 x64

Trace: 
  Error: https://registry.npmjs.org/date-fns/-/date-fns-2.28.0.tgz: ESOCKETTIMEDOUT
      at ClientRequest.<anonymous> (C:\Users\lizdi\AppData\Roaming\npm\node_modules\@sanity\cli\vendor\yarn:135945:19)
      at Object.onceWrapper (node:events:509:28)
      at ClientRequest.emit (node:events:390:28)
      at TLSSocket.emitRequestTimeout (node:_http_client:763:9)
      at Object.onceWrapper (node:events:509:28)
      at TLSSocket.emit (node:events:402:35)
      at TLSSocket.Socket._onTimeout (node:net:501:8)
      at listOnTimeout (node:internal/timers:557:17)
      at processTimers (node:internal/timers:500:7)

npm manifest: 
  {
    "name": "edgeorgieportfolio",
    "private": true,
    "version": "1.0.0",
    "description": "",
    "main": "package.json",
    "author": null,
    "license": "UNLICENSED",
    "scripts": {
      "start": "sanity start",
      "build": "sanity build"
    },
    "keywords": [
      "sanity"
    ],
    "dependencies": {
      "@sanity/base": "^2.29.8",
      "@sanity/core": "^2.29.5",
      "@sanity/default-layout": "^2.29.8",
      "@sanity/default-login": "^2.29.8",
      "@sanity/desk-tool": "^2.29.8",
      "@sanity/eslint-config-studio": "^2.0.0",
      "@sanity/vision": "^2.29.8",
      "eslint": "^8.6.0",
      "prop-types": "^15.7",
      "react": "^17.0",
      "react-dom": "^17.0",
      "styled-components": "^5.2.0"
    },
    "devDependencies": {}
  }

yarn manifest: 
  No manifest

Lockfile: 
  No lockfile
